<?xml version="1.0" encoding="UTF-8"?>
<testsuite name="Cucumber" time="0.173" tests="2" skipped="0" failures="0" errors="0">
<testcase classname="Test de la fonctionnalité de connexion" name="Vérifier l'affichage du tableau des résultats" time="0.02">
<system-out><![CDATA[
Given l'étudiant est connecté et dispose de résultats enregistrés...........passed
When il navigue vers la page des résultats..................................passed
Then un tableau affichant les résultats est visible.........................passed
]]></system-out>
</testcase>
<testcase classname="Test de la fonctionnalité de connexion" name="Vérifier l'affichage du message d'absence de résultats" time="0.002">
<system-out><![CDATA[
Given l'étudiant est connecté mais ne dispose pas de résultats enregistrés..passed
When il navigue vers la page des résultats..................................passed
Then un message indiquant "Aucun résultat disponible" est affiché...........passed
]]></system-out>
</testcase>
</testsuite>
